<?xml version="1.0" encoding="UTF-8"?>
<testsuite name="com.atakmap.android.test.ExampleTest" tests="1" skipped="0" failures="0" errors="0" timestamp="2022-07-27T17:10:18" hostname="juanma" time="0.001">
  <properties/>
  <testcase name="basicArithmetic" classname="com.atakmap.android.test.ExampleTest" time="0.001"/>
  <system-out><![CDATA[]]></system-out>
  <system-err><![CDATA[]]></system-err>
</testsuite>
